<?xml version="1.0" encoding="UTF-8"?>
<!-- Generated by org.testng.reporters.JUnitXMLReporter -->
<testsuite ignored="0" hostname="DESKTOP-TD3KLSF" failures="0" tests="5" name="Test" time="0.549" errors="0" timestamp="2024-02-23T20:20:04 IST">
  <testcase classname="testNg.WebTesting" name="firstWebTest" time="0.025"/>
  <testcase classname="testNg.WebTesting" name="secondWebTest" time="0.023"/>
  <testcase classname="testNg.WebTesting" name="lasttest" time="0.008"/>
  <testcase classname="testNg.MobileTesting" name="firstMobileTest" time="0.007"/>
  <testcase classname="testNg.MobileTesting" name="secondMobileTest" time="0.007"/>
</testsuite> <!-- Test -->
